<?xml version="1.0" encoding="UTF-8"?>
<!-- Generated by org.testng.reporters.JUnitXMLReporter -->
<testsuite hostname="LAPTOP-20OCNREJ" ignored="0" name="BankingApp Test" tests="2" failures="2" timestamp="09 Feb 2022 05:20:22 GMT" time="18.937" errors="0">
  <testcase name="addNewCustomer" time="7.666" classname="testCases.TC_AddCustomer_002">
    <failure type="java.lang.AssertionError" message="expected [true] but found [false]">
      <![CDATA[java.lang.AssertionError: expected [true] but found [false]
at testCases.TC_AddCustomer_002.addNewCustomer(TC_AddCustomer_002.java:55)
... Removed 29 stack frames]]>
    </failure>
  </testcase> <!-- addNewCustomer -->
  <testcase name="addNewCustomer" time="7.668" classname="testCases.TC_AddCustomer_002">
    <failure type="java.lang.NullPointerException">
      <![CDATA[java.lang.NullPointerException
at utilities.Reporting.onTestFailure(Reporting.java:45)
... Removed 22 stack frames]]>
    </failure>
  </testcase> <!-- addNewCustomer -->
</testsuite> <!-- BankingApp Test -->
