<?xml version="1.0" encoding="UTF-8"?>
<testng-results skipped="0" failed="0" ignored="0" total="1" passed="1">
  <reporter-output>
  </reporter-output>
  <suite name="Default suite" duration-ms="14738" started-at="2022-02-10T14:01:45Z" finished-at="2022-02-10T14:01:59Z">
    <groups>
    </groups>
    <test name="Default test" duration-ms="14738" started-at="2022-02-10T14:01:45Z" finished-at="2022-02-10T14:01:59Z">
      <class name="testCases.Perform_drg_drp">
        <test-method status="PASS" signature="setUp()[pri:0, instance:testCases.Perform_drg_drp@192d3247]" name="setUp" is-config="true" duration-ms="6148" started-at="2022-02-10T14:01:45Z" finished-at="2022-02-10T14:01:51Z">
          <reporter-output>
          </reporter-output>
        </test-method> <!-- setUp -->
        <test-method status="PASS" signature="action()[pri:0, instance:testCases.Perform_drg_drp@192d3247]" name="action" duration-ms="8554" started-at="2022-02-10T14:01:51Z" finished-at="2022-02-10T14:01:59Z">
          <reporter-output>
          </reporter-output>
        </test-method> <!-- action -->
      </class> <!-- testCases.Perform_drg_drp -->
    </test> <!-- Default test -->
  </suite> <!-- Default suite -->
</testng-results>
